<?xml version="1.0" encoding="UTF-8"?>
<testng-results ignored="0" total="1" passed="1" failed="0" skipped="0">
  <reporter-output>
    <line>
      <![CDATA[contact is created]]>
    </line>
  </reporter-output>
  <suite started-at="2025-09-18T15:31:02 IST" name="Default suite" finished-at="2025-09-18T15:31:33 IST" duration-ms="31127">
    <groups>
    </groups>
    <test started-at="2025-09-18T15:31:02 IST" name="Default test" finished-at="2025-09-18T15:31:33 IST" duration-ms="31127">
      <class name="contacts.CreateContactsWithPhoneNumber_Test">
        <test-method is-config="true" signature="configBS()[pri:0, instance:contacts.CreateContactsWithPhoneNumber_Test@5386659f]" started-at="2025-09-18T15:31:02 IST" name="configBS" finished-at="2025-09-18T15:31:02 IST" duration-ms="80" status="PASS">
          <reporter-output>
          </reporter-output>
        </test-method> <!-- configBS -->
        <test-method is-config="true" signature="configBC()[pri:0, instance:contacts.CreateContactsWithPhoneNumber_Test@5386659f]" started-at="2025-09-18T15:31:02 IST" name="configBC" finished-at="2025-09-18T15:31:05 IST" duration-ms="3525" status="PASS">
          <reporter-output>
          </reporter-output>
        </test-method> <!-- configBC -->
        <test-method is-config="true" signature="configBM()[pri:0, instance:contacts.CreateContactsWithPhoneNumber_Test@5386659f]" started-at="2025-09-18T15:31:05 IST" name="configBM" finished-at="2025-09-18T15:31:07 IST" duration-ms="1877" status="PASS">
          <reporter-output>
          </reporter-output>
        </test-method> <!-- configBM -->
        <test-method signature="createContactsWithPhonenumber()[pri:0, instance:contacts.CreateContactsWithPhoneNumber_Test@5386659f]" started-at="2025-09-18T15:31:07 IST" name="createContactsWithPhonenumber" finished-at="2025-09-18T15:31:31 IST" duration-ms="23192" status="PASS">
          <reporter-output>
            <line>
              <![CDATA[contact is created]]>
            </line>
          </reporter-output>
        </test-method> <!-- createContactsWithPhonenumber -->
        <test-method is-config="true" signature="configAM()[pri:0, instance:contacts.CreateContactsWithPhoneNumber_Test@5386659f]" started-at="2025-09-18T15:31:31 IST" name="configAM" finished-at="2025-09-18T15:31:33 IST" duration-ms="2035" status="PASS">
          <reporter-output>
          </reporter-output>
        </test-method> <!-- configAM -->
        <test-method is-config="true" signature="configAC()[pri:0, instance:contacts.CreateContactsWithPhoneNumber_Test@5386659f]" started-at="2025-09-18T15:31:33 IST" name="configAC" finished-at="2025-09-18T15:31:33 IST" duration-ms="394" status="PASS">
          <reporter-output>
          </reporter-output>
        </test-method> <!-- configAC -->
        <test-method is-config="true" signature="configAS()[pri:0, instance:contacts.CreateContactsWithPhoneNumber_Test@5386659f]" started-at="2025-09-18T15:31:33 IST" name="configAS" finished-at="2025-09-18T15:31:33 IST" duration-ms="2" status="PASS">
          <reporter-output>
          </reporter-output>
        </test-method> <!-- configAS -->
      </class> <!-- contacts.CreateContactsWithPhoneNumber_Test -->
    </test> <!-- Default test -->
  </suite> <!-- Default suite -->
</testng-results>
