<?xml version="1.0" encoding="UTF-8"?>
<!-- Generated by org.testng.reporters.JUnitReportReporter -->
<testsuite hostname="DESKTOP-FFALLFF" failures="0" tests="3" name="demo.FlipkartPriceTest" time="40.390" errors="0" timestamp="2025-09-18T10:06:25 IST" skipped="0">
  <testcase classname="demo.FlipkartPriceTest" name="flipkartPriceTest" time="13.883"/>
  <testcase classname="demo.FlipkartPriceTest" name="flipkartPriceTest" time="12.830"/>
  <testcase classname="demo.FlipkartPriceTest" name="flipkartPriceTest" time="13.677"/>
</testsuite> <!-- demo.FlipkartPriceTest -->
